<?xml version="1.0" encoding="UTF-8"?>
<!-- Generated by org.testng.reporters.JUnitReportReporter -->
<testsuite hostname="A2ML31099" name="com.mindtree.testcases.TC_002_ValidateRegisterFunctionality" tests="2" failures="0" timestamp="2 Dec 2019 07:21:38 GMT" time="98.032" errors="0">
  <testcase name="register" time="17.821" classname="com.mindtree.testcases.TC_002_ValidateRegisterFunctionality"/>
  <testcase name="register" time="80.211" classname="com.mindtree.testcases.TC_002_ValidateRegisterFunctionality"/>
</testsuite> <!-- com.mindtree.testcases.TC_002_ValidateRegisterFunctionality -->
