<?xml version="1.0" encoding="UTF-8"?>
<!-- Generated by org.testng.reporters.JUnitReportReporter -->
<testsuite hostname="A2ML31099" name="com.mindtree.testcases.TC_001_ValidateLoginFunctionality" tests="2" failures="0" timestamp="2 Dec 2019 07:21:38 GMT" time="80.224" errors="0">
  <testcase name="checkLogin" time="59.115" classname="com.mindtree.testcases.TC_001_ValidateLoginFunctionality"/>
  <testcase name="checkLogin" time="21.109" classname="com.mindtree.testcases.TC_001_ValidateLoginFunctionality"/>
</testsuite> <!-- com.mindtree.testcases.TC_001_ValidateLoginFunctionality -->
